[Bii_cl v2.3 23/08/2016 07:48:49 ] [TABLE CREATED] CREATE TABLE IF NOT EXISTS `wp_biicar_bii_page_perso` ( `id` int(11) NOT NULL, `user_id_main` int(11) NULL, `user_id_satell` int(11) NULL, `post_id_main` int(11) NULL, `post_id_satell` int(11) NULL, `titre` varchar(255) NULL, `website` varchar(255) NULL, `phone` varchar(255) NULL, `phone2` varchar(255) NULL, `fax` varchar(255) NULL, `address` varchar(255) NULL, `country` varchar(255) NULL, `id_layout` int(11) NULL, `etat` varchar(255) NULL, `lang` varchar(255) NULL, `date_insert` int(11) NULL, `date_modification` int(11) NULL) ENGINE=InnoDB DEFAULT CHARSET=latin1 AUTO_INCREMENT=1 ;ALTER TABLE `wp_biicar_bii_page_perso` ADD PRIMARY KEY (`id`);ALTER TABLE `wp_biicar_bii_page_perso` MODIFY `id` int(11) NOT NULL AUTO_INCREMENT;
[Bii_cl v2.3 23/08/2016 07:48:49 ] [TABLE CREATED] CREATE TABLE IF NOT EXISTS `wp_biicar_bii_page_perso_timeline` ( `id` int(11) NOT NULL, `id_page_perso` int(11) NULL, `date` varchar(255) NULL, `contenu` text NULL, `options` varchar(255) NULL, `date_insert` int(11) NULL, `date_modification` int(11) NULL) ENGINE=InnoDB DEFAULT CHARSET=latin1 AUTO_INCREMENT=1 ;ALTER TABLE `wp_biicar_bii_page_perso_timeline` ADD PRIMARY KEY (`id`);ALTER TABLE `wp_biicar_bii_page_perso_timeline` MODIFY `id` int(11) NOT NULL AUTO_INCREMENT;
[Bii_cl v2.3 23/08/2016 07:48:49 ] [TABLE CREATED] CREATE TABLE IF NOT EXISTS `wp_biicar_bii_page_perso_image` ( `id` int(11) NOT NULL, `id_page_perso` int(11) NULL, `post_id_main` int(11) NULL, `post_id_sattel` int(11) NULL, `ordre` varchar(255) NULL, `image` varchar(255) NULL, `image_type` varchar(255) NULL, `is_synchro_en_fr` tinyint(1) NULL, `date_insert` int(11) NULL, `date_modification` int(11) NULL) ENGINE=InnoDB DEFAULT CHARSET=latin1 AUTO_INCREMENT=1 ;ALTER TABLE `wp_biicar_bii_page_perso_image` ADD PRIMARY KEY (`id`);ALTER TABLE `wp_biicar_bii_page_perso_image` MODIFY `id` int(11) NOT NULL AUTO_INCREMENT;
[Bii_cl v2.3 23/08/2016 07:48:49 ] [TABLE CREATED] CREATE TABLE IF NOT EXISTS `wp_biicar_bii_page_perso_content` ( `id` int(11) NOT NULL, `id_page_perso` int(11) NULL, `contenu` text NULL, `options` varchar(255) NULL, `date_insert` int(11) NULL, `date_modification` int(11) NULL) ENGINE=InnoDB DEFAULT CHARSET=latin1 AUTO_INCREMENT=1 ;ALTER TABLE `wp_biicar_bii_page_perso_content` ADD PRIMARY KEY (`id`);ALTER TABLE `wp_biicar_bii_page_perso_content` MODIFY `id` int(11) NOT NULL AUTO_INCREMENT;
[Bii_cl v2.3 23/08/2016 07:48:49 ] [TABLE CREATED] CREATE TABLE IF NOT EXISTS `wp_biicar_bii_page_perso_layout` ( `id` int(11) NOT NULL, `titre_fr` varchar(255) NULL, `titre_en` varchar(255) NULL, `description_fr` varchar(255) NULL, `description_en` varchar(255) NULL, `image` varchar(255) NULL, `layout` varchar(255) NULL, `date_insert` int(11) NULL, `date_modification` int(11) NULL) ENGINE=InnoDB DEFAULT CHARSET=latin1 AUTO_INCREMENT=1 ;ALTER TABLE `wp_biicar_bii_page_perso_layout` ADD PRIMARY KEY (`id`);ALTER TABLE `wp_biicar_bii_page_perso_layout` MODIFY `id` int(11) NOT NULL AUTO_INCREMENT;
[Bii_cl v2.3 23/08/2016 08:33:44 ] [TABLE CREATED] CREATE TABLE IF NOT EXISTS `bii_page_perso_layout` ( `id` int(11) NOT NULL, `titre_fr` varchar(255) NULL, `titre_en` varchar(255) NULL, `description_fr` varchar(255) NULL, `description_en` varchar(255) NULL, `image` varchar(255) NULL, `layout` varchar(255) NULL, `date_insert` int(11) NULL, `date_modification` int(11) NULL) ENGINE=InnoDB DEFAULT CHARSET=latin1 AUTO_INCREMENT=1 ;ALTER TABLE `bii_page_perso_layout` ADD PRIMARY KEY (`id`);ALTER TABLE `bii_page_perso_layout` MODIFY `id` int(11) NOT NULL AUTO_INCREMENT;
[Bii_cl v2.3 23/08/2016 09:19:57 ] 390
[Bii_cl v2.3 23/08/2016 09:19:57 ] 391
[Bii_cl v2.3 23/08/2016 02:02:00 ] 439
[Bii_cl v2.3 23/08/2016 02:02:00 ] 440
[Bii_cl v2.3 23/08/2016 02:18:52 ] 454
[Bii_cl v2.3 23/08/2016 02:18:52 ] 455
[Bii_cl v2.3 24/08/2016 12:26:03 ] 997
[Bii_cl v2.3 24/08/2016 12:26:03 ] 998
[Bii_cl v2.3 24/08/2016 03:27:23 ] 1056
[Bii_cl v2.3 24/08/2016 03:27:36 ] 1057
[Bii_cl v2.3 24/08/2016 03:28:38 ] 1058
[Bii_cl v2.3 25/08/2016 09:11:24 ] 1059
[Bii_cl v2.3 25/08/2016 09:11:24 ] 1060
[Bii_cl v2.3 25/08/2016 03:58:16 ] 1305
[Bii_cl v2.3 25/08/2016 03:58:16 ] 1306
[Bii_cl v2.3 25/08/2016 04:20:57 ] 1446
[Bii_cl v2.3 25/08/2016 04:20:58 ] 1447
[Bii_cl v2.3 25/08/2016 05:20:34 ] 1457
[Bii_cl v2.3 25/08/2016 05:20:34 ] 1476
[Bii_cl v2.3 25/08/2016 05:22:11 ] 1477
[Bii_cl v2.3 25/08/2016 05:23:06 ] 1478
[Bii_cl v2.3 25/08/2016 05:23:06 ] 1479
[Bii_cl v2.3 25/08/2016 05:30:27 ] 1480
[Bii_cl v2.3 25/08/2016 05:31:25 ] 1482
[Bii_cl v2.3 25/08/2016 05:35:37 ] 1483
[Bii_cl v2.3 25/08/2016 05:35:37 ] 1484
[Bii_cl v2.3 25/08/2016 05:47:40 ] 1487
[Bii_cl v2.3 25/08/2016 05:47:40 ] 1488
[Bii_cl v2.3 25/08/2016 05:52:27 ] 1489
[Bii_cl v2.3 25/08/2016 05:56:04 ] 1490
[Bii_cl v2.3 25/08/2016 05:56:04 ] 1491
[Bii_cl v2.3 25/08/2016 06:03:29 ] 1494
[Bii_cl v2.3 25/08/2016 06:03:29 ] 1495
[Bii_cl v2.3 25/08/2016 06:06:06 ] 1496
[Bii_cl v2.3 25/08/2016 06:12:02 ] 1497
[Bii_cl v2.3 25/08/2016 06:32:04 ] 1498
[Bii_cl v2.3 25/08/2016 06:32:04 ] 1499
[Bii_cl v2.3 25/08/2016 06:46:02 ] 1500
[Bii_cl v2.3 25/08/2016 06:46:02 ] 1501
[Bii_cl v2.3 25/08/2016 06:47:58 ] 1502
[Bii_cl v2.3 25/08/2016 06:47:58 ] 1503
[Bii_cl v2.3 26/08/2016 09:24:13 ] 1518
[Bii_cl v2.3 26/08/2016 09:27:36 ] 1521
[Bii_cl v2.3 26/08/2016 09:27:36 ] 1522
[Bii_cl v2.3 26/08/2016 09:44:49 ] 1523
[Bii_cl v2.3 26/08/2016 09:44:49 ] 1524
[Bii_cl v2.3 26/08/2016 09:53:19 ] 1525
[Bii_cl v2.3 26/08/2016 09:53:19 ] 1526
[Bii_cl v2.3 26/08/2016 09:56:06 ] 1527
[Bii_cl v2.3 26/08/2016 09:56:06 ] 1528
[Bii_cl v2.4 31/08/2016 02:59:23 ] 3292
[Bii_cl v2.4 31/08/2016 02:59:23 ] 3332
[Bii_cl v2.4 01/09/2016 07:54:31 ] 3429
[Bii_cl v2.4 01/09/2016 07:56:13 ] 3430
[Bii_cl v2.4 01/09/2016 07:56:13 ] 3431
[Bii_cl v2.4 01/09/2016 08:03:15 ] 3436
[Bii_cl v2.4 01/09/2016 08:03:15 ] 3437
[Bii_cl v2.4 01/09/2016 08:04:01 ] 3439
[Bii_cl v2.4 01/09/2016 08:15:31 ] 3496
[Bii_cl v2.4 01/09/2016 08:15:31 ] 3497
[Bii_cl v2.4 01/09/2016 09:36:47 ] 3519
[Bii_cl v2.4 01/09/2016 09:36:47 ] 3520
[Bii_cl v2.4 01/09/2016 09:40:04 ] 3521
[Bii_cl v2.4 01/09/2016 09:40:04 ] 3522
[Bii_cl v2.4 01/09/2016 09:42:30 ] 3523
[Bii_cl v2.4 01/09/2016 09:42:30 ] 3524
[Bii_cl v2.4 01/09/2016 09:43:27 ] 3525
[Bii_cl v2.4 01/09/2016 09:43:27 ] 3526
[Bii_cl v2.4 01/09/2016 09:45:39 ] 3527
[Bii_cl v2.4 01/09/2016 09:45:39 ] 3528
[Bii_cl v2.4 01/09/2016 09:47:38 ] 3531
[Bii_cl v2.4 01/09/2016 09:47:38 ] 3532
[Bii_cl v2.4 01/09/2016 09:49:45 ] 3533
[Bii_cl v2.4 01/09/2016 09:49:45 ] 3534
[Bii_cl v2.4 01/09/2016 09:52:41 ] 3535
[Bii_cl v2.4 01/09/2016 09:52:41 ] 3536
[Bii_cl v2.4 01/09/2016 09:54:08 ] 3537
[Bii_cl v2.4 01/09/2016 09:54:08 ] 3538
[Bii_cl v2.4 01/09/2016 09:55:38 ] 3539
[Bii_cl v2.4 01/09/2016 09:55:38 ] 3540
[Bii_cl v2.4 01/09/2016 10:02:47 ] 3541
[Bii_cl v2.4 01/09/2016 11:49:47 ] 3542
[Bii_cl v2.4 01/09/2016 11:49:47 ] 3543
[Bii_cl v2.4 01/09/2016 11:52:05 ] 3544
[Bii_cl v2.4 01/09/2016 11:52:05 ] 3545
[Bii_cl v2.4 01/09/2016 11:56:00 ] 3546
[Bii_cl v2.4 01/09/2016 11:56:00 ] 3547
[Bii_cl v2.4 01/09/2016 12:04:59 ] 3548
[Bii_cl v2.4 01/09/2016 12:04:59 ] 3549
[Bii_cl v2.4 01/09/2016 12:29:32 ] 3552
[Bii_cl v2.4 01/09/2016 12:29:32 ] 3553
[Bii_cl v2.4 01/09/2016 12:30:57 ] 3554
[Bii_cl v2.4 01/09/2016 12:30:57 ] 3555
